Start what_are_you_doing appGenerate filenamesscreenshot startedPlay video cliprecordAppend wav fileStart what_are_you_doing appGenerate filenamesscreenshot startedPlay video cliprecordAppend wav fileStart what_are_you_doing appGenerate filenames
screenshot started
Play video clip
record
Append wav file
Start what_are_you_doing appGenerate filenames
screenshot started
Play video clip
record
Append wav file
Start what_are_you_doing appGenerate filenames
screenshot started
Play video clip
record
Append wav file
Start what_are_you_doing appGenerate filenames
screenshot started
record
Append wav file
Start what_are_you_doing appGenerate filenames
screenshot started
record
Append wav file
